<?xml version="1.0" encoding="UTF-8"?>
<testng-results skipped="0" failed="0" total="1" passed="1">
  <reporter-output>
  </reporter-output>
  <suite name="Default suite" duration-ms="10419" started-at="2019-05-15T10:08:54Z" finished-at="2019-05-15T10:09:04Z">
    <groups>
    </groups>
    <test name="Default test" duration-ms="10419" started-at="2019-05-15T10:08:54Z" finished-at="2019-05-15T10:09:04Z">
      <class name="testpackage.test1.Demo1">
        <test-method status="PASS" signature="openbrowser()[pri:0, instance:testpackage.test1.Demo1@2ac1fdc4]" name="openbrowser" duration-ms="10394" started-at="2019-05-15T15:38:54Z" finished-at="2019-05-15T15:39:04Z">
          <reporter-output>
          </reporter-output>
        </test-method> <!-- openbrowser -->
      </class> <!-- testpackage.test1.Demo1 -->
    </test> <!-- Default test -->
  </suite> <!-- Default suite -->
</testng-results>
